#
# A fatal error has been detected by the Java Runtime Environment:
#
#  EXCEPTION_ACCESS_VIOLATION (0xc0000005) at pc=0x00007ffbb4e39b0e, pid=28688, tid=23756
#
# JRE version: OpenJDK Runtime Environment Temurin-21.0.2+13 (21.0.2+13) (build 21.0.2+13-LTS)
# Java VM: OpenJDK 64-Bit Server VM Temurin-21.0.2+13 (21.0.2+13-LTS, mixed mode, emulated-client, sharing, tiered, compressed oops, compressed class ptrs, g1 gc, windows-amd64)
# Problematic frame:
# V  [jvm.dll+0x319b0e]
#
# No core dump will be written. Minidumps are not enabled by default on client versions of Windows
#
# If you would like to submit a bug report, please visit:
#   https://github.com/adoptium/adoptium-support/issues
#

---------------  S U M M A R Y ------------

Command Line: -XX:+ShowCodeDetailsInExceptionMessages -agentlib:jdwp=transport=dt_socket,suspend=y,address=localhost:56639 -Dcom.sun.management.jmxremote -Dcom.sun.management.jmxremote.port=56638 -Dcom.sun.management.jmxremote.authenticate=false -Dcom.sun.management.jmxremote.ssl=false -Djava.rmi.server.hostname=localhost -Dspring.jmx.enabled=true -Dmanagement.endpoints.jmx.exposure.include=* -Dspring.application.admin.enabled=true -XX:TieredStopAtLevel=1 -Dspring.boot.project.name=Inventory -javaagent:C:\pleiades\2023-12\eclipse\configuration\org.eclipse.osgi\249\0\.cp\lib\javaagent-shaded.jar -Dfile.encoding=UTF-8 -Dstdout.encoding=UTF-8 -Dstderr.encoding=UTF-8 com.Inventory.InventoryApplication --spring.output.ansi.enabled=always

Host: Intel(R) Core(TM) i7-8750H CPU @ 2.20GHz, 12 cores, 15G,  Windows 11 , 64 bit Build 22621 (10.0.22621.3958)
Time: Mon Sep  2 18:44:46 2024  Windows 11 , 64 bit Build 22621 (10.0.22621.3958) elapsed time: 7128.568917 seconds (0d 1h 58m 48s)

---------------  T H R E A D  ---------------

Current thread (0x0000029b5e285d00):  WorkerThread "GC Thread#2"    [id=23756, stack(0x000000e348c00000,0x000000e348d00000) (1024K)]

Stack: [0x000000e348c00000,0x000000e348d00000],  sp=0x000000e348cfde20,  free space=1015k
Native frames: (J=compiled Java code, j=interpreted, Vv=VM code, C=native code)
V  [jvm.dll+0x319b0e]
V  [jvm.dll+0x33f7f9]
V  [jvm.dll+0x33f762]
V  [jvm.dll+0x31452b]
V  [jvm.dll+0x313f7d]
V  [jvm.dll+0x3ebbd5]
V  [jvm.dll+0x84cea6]
V  [jvm.dll+0x856931]
V  [jvm.dll+0x3646da]
V  [jvm.dll+0x364794]
V  [jvm.dll+0x344103]
V  [jvm.dll+0x8d0f87]
V  [jvm.dll+0x84cb3b]
V  [jvm.dll+0x6c7c2d]
C  [ucrtbase.dll+0x29333]
C  [KERNEL32.DLL+0x1257d]
C  [ntdll.dll+0x5af28]

JavaThread 0x0000029b5fb5f4f0 (nid = 25480) was being processed
Java frames: (J=compiled Java code, j=interpreted, Vv=VM code)
j  java.lang.invoke.LambdaForm$DMH+0x0000029b1a19a800.invokeVirtual(Ljava/lang/Object;Ljava/lang/Object;Ljava/lang/Object;)Ljava/lang/Object;+11 java.base@21.0.2
j  java.lang.invoke.LambdaForm$MH+0x0000029b1a39c000.invoke(Ljava/lang/Object;Ljava/lang/Object;Ljava/lang/Object;)Ljava/lang/Object;+52 java.base@21.0.2
J 4085 c1 jdk.internal.reflect.DirectMethodHandleAccessor.invoke(Ljava/lang/Object;[Ljava/lang/Object;)Ljava/lang/Object; java.base@21.0.2 (92 bytes) @ 0x0000029b0d40817c [0x0000029b0d407dc0+0x00000000000003bc]
J 4117 c1 java.lang.reflect.Method.invoke(Ljava/lang/Object;[Ljava/lang/Object;)Ljava/lang/Object; java.base@21.0.2 (108 bytes) @ 0x0000029b0d530bf4 [0x0000029b0d530a00+0x00000000000001f4]
j  org.springframework.web.method.support.InvocableHandlerMethod.doInvoke([Ljava/lang/Object;)Ljava/lang/Object;+55
j  org.springframework.web.method.support.InvocableHandlerMethod.invokeForRequest(Lorg/springframework/web/context/request/NativeWebRequest;Lorg/springframework/web/method/support/ModelAndViewContainer;[Ljava/lang/Object;)Ljava/lang/Object;+82
j  org.springframework.web.servlet.mvc.method.annotation.ServletInvocableHandlerMethod.invokeAndHandle(Lorg/springframework/web/context/request/ServletWebRequest;Lorg/springframework/web/method/support/ModelAndViewContainer;[Ljava/lang/Object;)V+4
j  org.springframework.web.servlet.mvc.method.annotation.RequestMappingHandlerAdapter.invokeHandlerMethod(Ljakarta/servlet/http/HttpServletRequest;Ljakarta/servlet/http/HttpServletResponse;Lorg/springframework/web/method/HandlerMethod;)Lorg/springframework/web/servlet/ModelAndView;+309
j  org.springframework.web.servlet.mvc.method.annotation.RequestMappingHandlerAdapter.handleInternal(Ljakarta/servlet/http/HttpServletRequest;Ljakarta/servlet/http/HttpServletResponse;Lorg/springframework/web/method/HandlerMethod;)Lorg/springframework/web/servlet/ModelAndView;+81
j  org.springframework.web.servlet.mvc.method.AbstractHandlerMethodAdapter.handle(Ljakarta/servlet/http/HttpServletRequest;Ljakarta/servlet/http/HttpServletResponse;Ljava/lang/Object;)Lorg/springframework/web/servlet/ModelAndView;+7
j  org.springframework.web.servlet.DispatcherServlet.doDispatch(Ljakarta/servlet/http/HttpServletRequest;Ljakarta/servlet/http/HttpServletResponse;)V+304
j  org.springframework.web.servlet.DispatcherServlet.doService(Ljakarta/servlet/http/HttpServletRequest;Ljakarta/servlet/http/HttpServletResponse;)V+242
j  org.springframework.web.servlet.FrameworkServlet.processRequest(Ljakarta/servlet/http/HttpServletRequest;Ljakarta/servlet/http/HttpServletResponse;)V+70
j  org.springframework.web.servlet.FrameworkServlet.doGet(Ljakarta/servlet/http/HttpServletRequest;Ljakarta/servlet/http/HttpServletResponse;)V+3
j  jakarta.servlet.http.HttpServlet.service(Ljakarta/servlet/http/HttpServletRequest;Ljakarta/servlet/http/HttpServletResponse;)V+35
j  org.springframework.web.servlet.FrameworkServlet.service(Ljakarta/servlet/http/HttpServletRequest;Ljakarta/servlet/http/HttpServletResponse;)V+20
j  jakarta.servlet.http.HttpServlet.service(Ljakarta/servlet/ServletRequest;Ljakarta/servlet/ServletResponse;)V+37
J 7574 c1 org.apache.catalina.core.ApplicationFilterChain.internalDoFilter(Ljakarta/servlet/ServletRequest;Ljakarta/servlet/ServletResponse;)V (386 bytes) @ 0x0000029b0d74211c [0x0000029b0d741c40+0x00000000000004dc]
J 7573 c1 org.apache.catalina.core.ApplicationFilterChain.doFilter(Ljakarta/servlet/ServletRequest;Ljakarta/servlet/ServletResponse;)V (103 bytes) @ 0x0000029b0d745224 [0x0000029b0d7451c0+0x0000000000000064]
j  org.apache.tomcat.websocket.server.WsFilter.doFilter(Ljakarta/servlet/ServletRequest;Ljakarta/servlet/ServletResponse;Ljakarta/servlet/FilterChain;)V+21
J 7574 c1 org.apache.catalina.core.ApplicationFilterChain.internalDoFilter(Ljakarta/servlet/ServletRequest;Ljakarta/servlet/ServletResponse;)V (386 bytes) @ 0x0000029b0d7425dc [0x0000029b0d741c40+0x000000000000099c]
J 7573 c1 org.apache.catalina.core.ApplicationFilterChain.doFilter(Ljakarta/servlet/ServletRequest;Ljakarta/servlet/ServletResponse;)V (103 bytes) @ 0x0000029b0d745224 [0x0000029b0d7451c0+0x0000000000000064]
j  org.springframework.web.filter.RequestContextFilter.doFilterInternal(Ljakarta/servlet/http/HttpServletRequest;Ljakarta/servlet/http/HttpServletResponse;Ljakarta/servlet/FilterChain;)V+21
j  org.springframework.web.filter.OncePerRequestFilter.doFilter(Ljakarta/servlet/ServletRequest;Ljakarta/servlet/ServletResponse;Ljakarta/servlet/FilterChain;)V+150
J 7574 c1 org.apache.catalina.core.ApplicationFilterChain.internalDoFilter(Ljakarta/servlet/ServletRequest;Ljakarta/servlet/ServletResponse;)V (386 bytes) @ 0x0000029b0d7425dc [0x0000029b0d741c40+0x000000000000099c]
J 7573 c1 org.apache.catalina.core.ApplicationFilterChain.doFilter(Ljakarta/servlet/ServletRequest;Ljakarta/servlet/ServletResponse;)V (103 bytes) @ 0x0000029b0d745224 [0x0000029b0d7451c0+0x0000000000000064]
j  org.springframework.web.filter.FormContentFilter.doFilterInternal(Ljakarta/servlet/http/HttpServletRequest;Ljakarta/servlet/http/HttpServletResponse;Ljakarta/servlet/FilterChain;)V+38
j  org.springframework.web.filter.OncePerRequestFilter.doFilter(Ljakarta/servlet/ServletRequest;Ljakarta/servlet/ServletResponse;Ljakarta/servlet/FilterChain;)V+150
J 7574 c1 org.apache.catalina.core.ApplicationFilterChain.internalDoFilter(Ljakarta/servlet/ServletRequest;Ljakarta/servlet/ServletResponse;)V (386 bytes) @ 0x0000029b0d7425dc [0x0000029b0d741c40+0x000000000000099c]
J 7573 c1 org.apache.catalina.core.ApplicationFilterChain.doFilter(Ljakarta/servlet/ServletRequest;Ljakarta/servlet/ServletResponse;)V (103 bytes) @ 0x0000029b0d745224 [0x0000029b0d7451c0+0x0000000000000064]
j  org.springframework.web.filter.CharacterEncodingFilter.doFilterInternal(Ljakarta/servlet/http/HttpServletRequest;Ljakarta/servlet/http/HttpServletResponse;Ljakarta/servlet/FilterChain;)V+53
j  org.springframework.web.filter.OncePerRequestFilter.doFilter(Ljakarta/servlet/ServletRequest;Ljakarta/servlet/ServletResponse;Ljakarta/servlet/FilterChain;)V+150
J 7574 c1 org.apache.catalina.core.ApplicationFilterChain.internalDoFilter(Ljakarta/servlet/ServletRequest;Ljakarta/servlet/ServletResponse;)V (386 bytes) @ 0x0000029b0d7425dc [0x0000029b0d741c40+0x000000000000099c]
J 7573 c1 org.apache.catalina.core.ApplicationFilterChain.doFilter(Ljakarta/servlet/ServletRequest;Ljakarta/servlet/ServletResponse;)V (103 bytes) @ 0x0000029b0d745224 [0x0000029b0d7451c0+0x0000000000000064]
j  org.apache.catalina.core.StandardWrapperValve.invoke(Lorg/apache/catalina/connector/Request;Lorg/apache/catalina/connector/Response;)V+514
j  org.apache.catalina.core.StandardContextValve.invoke(Lorg/apache/catalina/connector/Request;Lorg/apache/catalina/connector/Response;)V+169
j  org.apache.catalina.authenticator.AuthenticatorBase.invoke(Lorg/apache/catalina/connector/Request;Lorg/apache/catalina/connector/Response;)V+221
j  org.apache.catalina.core.StandardHostValve.invoke(Lorg/apache/catalina/connector/Request;Lorg/apache/catalina/connector/Response;)V+131
j  org.apache.catalina.valves.ErrorReportValve.invoke(Lorg/apache/catalina/connector/Request;Lorg/apache/catalina/connector/Response;)V+6
j  org.apache.catalina.core.StandardEngineValve.invoke(Lorg/apache/catalina/connector/Request;Lorg/apache/catalina/connector/Response;)V+59
j  org.apache.catalina.connector.CoyoteAdapter.service(Lorg/apache/coyote/Request;Lorg/apache/coyote/Response;)V+188
j  org.apache.coyote.http11.Http11Processor.service(Lorg/apache/tomcat/util/net/SocketWrapperBase;)Lorg/apache/tomcat/util/net/AbstractEndpoint$Handler$SocketState;+796
j  org.apache.coyote.AbstractProcessorLight.process(Lorg/apache/tomcat/util/net/SocketWrapperBase;Lorg/apache/tomcat/util/net/SocketEvent;)Lorg/apache/tomcat/util/net/AbstractEndpoint$Handler$SocketState;+155
j  org.apache.coyote.AbstractProtocol$ConnectionHandler.process(Lorg/apache/tomcat/util/net/SocketWrapperBase;Lorg/apache/tomcat/util/net/SocketEvent;)Lorg/apache/tomcat/util/net/AbstractEndpoint$Handler$SocketState;+482
j  org.apache.tomcat.util.net.NioEndpoint$SocketProcessor.doRun()V+249
j  org.apache.tomcat.util.net.SocketProcessorBase.run()V+32
j  org.apache.tomcat.util.threads.ThreadPoolExecutor.runWorker(Lorg/apache/tomcat/util/threads/ThreadPoolExecutor$Worker;)V+92
j  org.apache.tomcat.util.threads.ThreadPoolExecutor$Worker.run()V+5
j  org.apache.tomcat.util.threads.TaskThread$WrappingRunnable.run()V+4
j  java.lang.Thread.runWith(Ljava/lang/Object;Ljava/lang/Runnable;)V+5 java.base@21.0.2
j  java.lang.Thread.run()V+19 java.base@21.0.2
v  ~StubRoutines::call_stub 0x0000029b0d07100d

siginfo: EXCEPTION_ACCESS_VIOLATION (0xc0000005), reading address 0x0000029e8257bf30


Registers:
RAX=0x0000029b11390000, RBX=0x0000029b04a15770, RCX=0x000000000000002f, RDX=0x0000000000000001
RSP=0x000000e348cfde20, RBP=0x000000e348cfdfb0, RSI=0x0000029b5eccbca0, RDI=0x0000001b88f5f9af
R8 =0x0000029e8257bf30, R9 =0x0000029b5aaa8838, R10=0x0000029b0d070000, R11=0x000000e348cfe028
R12=0x0000029b195431c8, R13=0x0000029b1826fa70, R14=0x0000029b5e35d950, R15=0x0000000000000000
RIP=0x00007ffbb4e39b0e, EFLAGS=0x0000000000010202


Register to memory mapping:

RAX=0x0000029b11390000 points into unknown readable memory: 0x0000000000000000 | 00 00 00 00 00 00 00 00
RBX=0x0000029b04a15770 points into unknown readable memory: 0x00007ffbb553e218 | 18 e2 53 b5 fb 7f 00 00
RCX=0x000000000000002f is an unknown value
RDX=0x0000000000000001 is an unknown value
RSP=0x000000e348cfde20 points into unknown readable memory: 0x0000029b0d7452bb | bb 52 74 0d 9b 02 00 00
RBP=0x000000e348cfdfb0 points into unknown readable memory: 0x000000e300000000 | 00 00 00 00 e3 00 00 00
RSI=0x0000029b5eccbca0 points into unknown readable memory: 0x000000e347bfee70 | 70 ee bf 47 e3 00 00 00
RDI=0x0000001b88f5f9af is an unknown value
R8 =0x0000029e8257bf30 is an unknown value
R9 =0x0000029b5aaa8838 is pointing into metadata
R10=0x0000029b0d070000 points into unknown readable memory: 0x0000000000000006 | 06 00 00 00 00 00 00 00
R11=0x000000e348cfe028 points into unknown readable memory: 0x00007ffbb4e33f7d | 7d 3f e3 b4 fb 7f 00 00
R12=0x0000029b195431c8 is pointing into metadata
R13=0x0000029b1826fa70 points into unknown readable memory: 0x0000000000000000 | 00 00 00 00 00 00 00 00
R14=0x0000029b5e35d950 points into unknown readable memory: 0x0000029b5e32bd02 | 02 bd 32 5e 9b 02 00 00
R15=0x0 is null

Top of Stack: (sp=0x000000e348cfde20)
0x000000e348cfde20:   0000029b0d7452bb 0000029b19bc28b3
0x000000e348cfde30:   0000029b5eccbca0 00007ffbb4e5f762
0x000000e348cfde40:   000000e34a0fcd78 00007ffbb4e5f7f9
0x000000e348cfde50:   000000e34a0fcd78 000000e348cfe180
0x000000e348cfde60:   0000000000000010 00007ffbb51d7f29
0x000000e348cfde70:   0000029b5eccbca0 00007ffbb4e5f762
0x000000e348cfde80:   000000e348cfdf40 000000e348cfe180
0x000000e348cfde90:   000000e348cfe180 0000000000000000
0x000000e348cfdea0:   0000000000000002 00007ffbb4e3452b
0x000000e348cfdeb0:   0000029b5eccc250 0000029b5aaa8a80
0x000000e348cfdec0:   0000029b5eccc250 000000e348cfe180
0x000000e348cfded0:   0000000b5eccc201 0000029b5aaa8a80
0x000000e348cfdee0:   0000029b5e285d00 0000029b00000004
0x000000e348cfdef0:   00000000000003d8 0000029b1826fa80
0x000000e348cfdf00:   0000029b1826fe58 0000029b5aaa8a73
0x000000e348cfdf10:   0000029b000000b8 0000029b5aaa8a80
0x000000e348cfdf20:   00007ffbb5539f00 000000e348cfe180
0x000000e348cfdf30:   0000029b5eccc250 0000000400000003
0x000000e348cfdf40:   0000029b195431c8 0000001300000001
0x000000e348cfdf50:   0000000000000055 000000010000000c
0x000000e348cfdf60:   0000029b19480090 0000000000000000
0x000000e348cfdf70:   0000029b5e4f450c 0000029b00000006
0x000000e348cfdf80:   0000000500000003 0000ffff09585000
0x000000e348cfdf90:   00000007035ec980 00007ffbb4e5f7f9
0x000000e348cfdfa0:   00000007035ec980 0000000618260013
0x000000e348cfdfb0:   000000e300000000 0000000000000015
0x000000e348cfdfc0:   0000029b5eccbca0 00007ffbb4e5f762
0x000000e348cfdfd0:   0000000000000000 000000e300000003
0x000000e348cfdfe0:   0000ca53186fac46 00007ffbb4d7e3c2
0x000000e348cfdff0:   0000029b5eccc250 00000000000003d8
0x000000e348cfe000:   0000029b1826fe58 000000e348cfe180
0x000000e348cfe010:   000000e348cff670 00007ffbb5375820 

Instructions: (pc=0x00007ffbb4e39b0e)
0x00007ffbb4e39a0e:   38 f0 4c 01 04 c8 48 c7 42 08 00 00 00 00 44 89
0x00007ffbb4e39a1e:   12 49 ff 41 58 4c 01 5a 08 e9 4a ff ff ff 49 ff
0x00007ffbb4e39a2e:   41 50 4c 01 5a 08 e9 3d ff ff ff cc cc cc cc cc
0x00007ffbb4e39a3e:   cc cc 48 89 5c 24 08 57 48 83 ec 20 48 8b 01 48
0x00007ffbb4e39a4e:   8b fa 48 8b d9 ff 50 08 4c 8b c8 48 85 c0 74 66
0x00007ffbb4e39a5e:   4c 8b 40 10 4c 2b 00 48 c7 40 28 00 00 00 00 4c
0x00007ffbb4e39a6e:   89 43 18 48 8b 50 10 48 8b 48 08 48 8b c7 48 2b
0x00007ffbb4e39a7e:   ca 48 c1 e9 03 48 3b cf 48 0f 42 c1 48 3b c7 72
0x00007ffbb4e39a8e:   1e 48 8d 04 c2 49 89 41 10 90 ff 43 10 48 8b c2
0x00007ffbb4e39a9e:   4c 89 4b 08 48 8b 5c 24 30 48 83 c4 20 5f c3 33
0x00007ffbb4e39aae:   d2 90 ff 43 10 8b c2 4c 89 4b 08 48 8b 5c 24 30
0x00007ffbb4e39abe:   48 83 c4 20 5f c3 48 8b 5c 24 30 48 83 c4 20 5f
0x00007ffbb4e39ace:   c3 cc 48 89 5c 24 08 57 48 83 ec 20 48 8b 01 48
0x00007ffbb4e39ade:   8b fa 48 8b d9 ff 10 48 2b 7b 08 8b 4b 18 48 8b
0x00007ffbb4e39aee:   43 20 48 c1 ef 03 48 d3 ef 40 0f b6 cf 48 8b d7
0x00007ffbb4e39afe:   48 c1 ea 06 80 e1 3f 4c 8d 04 d0 ba 01 00 00 00
0x00007ffbb4e39b0e:   49 8b 00 48 d3 e2 48 8b c8 48 0b ca 48 3b c8 74
0x00007ffbb4e39b1e:   13 90 f0 49 0f b1 08 74 18 48 8b c8 48 0b ca 48
0x00007ffbb4e39b2e:   3b c8 75 ee 32 c0 48 8b 5c 24 30 48 83 c4 20 5f
0x00007ffbb4e39b3e:   c3 48 8b 5c 24 30 b0 01 48 83 c4 20 5f c3 cc cc
0x00007ffbb4e39b4e:   cc cc 48 89 5c 24 08 57 48 83 ec 20 4c 8b 41 30
0x00007ffbb4e39b5e:   48 8b da 48 8b f9 45 8b 88 80 00 00 00 41 8b 80
0x00007ffbb4e39b6e:   00 01 00 00 41 8b d1 2b d0 81 e2 ff ff 01 00 81
0x00007ffbb4e39b7e:   fa fe ff 01 00 73 26 49 8b 80 80 01 00 00 4a 89
0x00007ffbb4e39b8e:   1c c8 41 8d 41 01 25 ff ff 01 00 41 89 80 80 00
0x00007ffbb4e39b9e:   00 00 48 8b 5c 24 30 48 83 c4 20 5f c3 e8 f0 94
0x00007ffbb4e39bae:   01 00 48 8b 57 30 44 8b 82 80 00 00 00 8b 82 00
0x00007ffbb4e39bbe:   01 00 00 41 8b c8 2b c8 81 e1 ff ff 01 00 81 f9
0x00007ffbb4e39bce:   fe ff 01 00 73 1a 48 8b 82 80 01 00 00 4a 89 1c
0x00007ffbb4e39bde:   c0 41 8d 40 01 25 ff ff 01 00 89 82 80 00 00 00
0x00007ffbb4e39bee:   48 8b 5c 24 30 48 83 c4 20 5f c3 cc cc cc cc cc
0x00007ffbb4e39bfe:   cc cc 48 89 5c 24 08 57 48 83 ec 20 48 8b 79 08 


Stack slot to memory mapping:

stack at sp + 0 slots: 0x0000029b0d7452bb is at entry_point+251 in (nmethod*)0x0000029b0d745010
Compiled method (c1) 7128690 7573   !   1       org.apache.catalina.core.ApplicationFilterChain::doFilter (103 bytes)
 total in heap  [0x0000029b0d745010,0x0000029b0d745328] = 792
 relocation     [0x0000029b0d745170,0x0000029b0d7451a8] = 56
 main code      [0x0000029b0d7451c0,0x0000029b0d745280] = 192
 stub code      [0x0000029b0d745280,0x0000029b0d7452c0] = 64
 oops           [0x0000029b0d7452c0,0x0000029b0d7452c8] = 8
 metadata       [0x0000029b0d7452c8,0x0000029b0d7452d0] = 8
 scopes data    [0x0000029b0d7452d0,0x0000029b0d7452f0] = 32
 scopes pcs     [0x0000029b0d7452f0,0x0000029b0d745320] = 48
 dependencies   [0x0000029b0d745320,0x0000029b0d745328] = 8
stack at sp + 1 slots: 0x0000029b19bc28b3 is pointing into metadata
stack at sp + 2 slots: 0x0000029b5eccbca0 points into unknown readable memory: 0x000000e347bfee70 | 70 ee bf 47 e3 00 00 00
stack at sp + 3 slots: 0x00007ffbb4e5f762 jvm.dll
stack at sp + 4 slots: 0x000000e34a0fcd78 is pointing into the stack for thread: 0x0000029b5fb5f4f0
stack at sp + 5 slots: 0x00007ffbb4e5f7f9 jvm.dll
stack at sp + 6 slots: 0x000000e34a0fcd78 is pointing into the stack for thread: 0x0000029b5fb5f4f0
stack at sp + 7 slots: 0x000000e348cfe180 points into unknown readable memory: 0x000000e34a0fcd68 | 68 cd 0f 4a e3 00 00 00


---------------  P R O C E S S  ---------------

Threads class SMR info:
_java_thread_list=0x0000029b5fcbe390, length=28, elements={
0x0000029b17ff1bd0, 0x0000029b17ff3290, 0x0000029b17ff52f0, 0x0000029b17ff9fe0,
0x0000029b17ffdac0, 0x0000029b18001b50, 0x0000029b18007770, 0x0000029b1813e550,
0x0000029b18234050, 0x0000029b1823bfd0, 0x0000029b1823e660, 0x0000029b5e0e2b10,
0x0000029b5e37e2b0, 0x0000029b5e310320, 0x0000029b5e314dd0, 0x0000029b5e97a440,
0x0000029b5e97c090, 0x0000029b5e92ad20, 0x0000029b5e92a000, 0x0000029b5fb5e140,
0x0000029b5fb60f30, 0x0000029b5fb62970, 0x0000029b5fb5e7d0, 0x0000029b5fb5ee60,
0x0000029b5fb63000, 0x0000029b5fb5f4f0, 0x0000029b5fb5dab0, 0x0000029b5fb5cd90
}

Java Threads: ( => current thread )
  0x0000029b17ff1bd0 JavaThread "Reference Handler"          daemon [_thread_blocked, id=18076, stack(0x000000e347c00000,0x000000e347d00000) (1024K)]
  0x0000029b17ff3290 JavaThread "Finalizer"                  daemon [_thread_blocked, id=26236, stack(0x000000e347d00000,0x000000e347e00000) (1024K)]
  0x0000029b17ff52f0 JavaThread "Signal Dispatcher"          daemon [_thread_blocked, id=13012, stack(0x000000e347e00000,0x000000e347f00000) (1024K)]
  0x0000029b17ff9fe0 JavaThread "Attach Listener"            daemon [_thread_blocked, id=24848, stack(0x000000e347f00000,0x000000e348000000) (1024K)]
  0x0000029b17ffdac0 JavaThread "Service Thread"             daemon [_thread_blocked, id=27572, stack(0x000000e348000000,0x000000e348100000) (1024K)]
  0x0000029b18001b50 JavaThread "Monitor Deflation Thread"   daemon [_thread_blocked, id=27792, stack(0x000000e348100000,0x000000e348200000) (1024K)]
  0x0000029b18007770 JavaThread "C1 CompilerThread0"         daemon [_thread_blocked, id=24156, stack(0x000000e348200000,0x000000e348300000) (1024K)]
  0x0000029b1813e550 JavaThread "Common-Cleaner"             daemon [_thread_blocked, id=1800, stack(0x000000e348300000,0x000000e348400000) (1024K)]
  0x0000029b18234050 JavaThread "JDWP Transport Listener: dt_socket" daemon [_thread_blocked, id=28832, stack(0x000000e348700000,0x000000e348800000) (1024K)]
  0x0000029b1823bfd0 JavaThread "JDWP Event Helper Thread"   daemon [_thread_blocked, id=29204, stack(0x000000e348800000,0x000000e348900000) (1024K)]
  0x0000029b1823e660 JavaThread "JDWP Command Reader"        daemon [_thread_in_native, id=12784, stack(0x000000e348900000,0x000000e348a00000) (1024K)]
  0x0000029b5e0e2b10 JavaThread "Notification Thread"        daemon [_thread_blocked, id=25976, stack(0x000000e348a00000,0x000000e348b00000) (1024K)]
  0x0000029b5e37e2b0 JavaThread "RMI TCP Accept-0"           daemon [_thread_in_native, id=29128, stack(0x000000e349400000,0x000000e349500000) (1024K)]
  0x0000029b5e310320 JavaThread "RMI TCP Accept-56638"       daemon [_thread_in_native, id=29244, stack(0x000000e349500000,0x000000e349600000) (1024K)]
  0x0000029b5e314dd0 JavaThread "RMI TCP Accept-0"           daemon [_thread_in_native, id=29332, stack(0x000000e349600000,0x000000e349700000) (1024K)]
  0x0000029b5e97a440 JavaThread "RMI Scheduler(0)"           daemon [_thread_blocked, id=26304, stack(0x000000e349a00000,0x000000e349b00000) (1024K)]
  0x0000029b5e97c090 JavaThread "RMI TCP Connection(idle)"   daemon [_thread_blocked, id=27232, stack(0x000000e349b00000,0x000000e349c00000) (1024K)]
  0x0000029b5e92ad20 JavaThread "JMX server connection timeout 43" daemon [_thread_blocked, id=7308, stack(0x000000e349c00000,0x000000e349d00000) (1024K)]
  0x0000029b5e92a000 JavaThread "Live Reload Server"         daemon [_thread_in_native, id=20456, stack(0x000000e34a400000,0x000000e34a500000) (1024K)]
  0x0000029b5fb5e140 JavaThread "DestroyJavaVM"                     [_thread_blocked, id=25580, stack(0x000000e347400000,0x000000e347500000) (1024K)]
  0x0000029b5fb60f30 JavaThread "mysql-cj-abandoned-connection-cleanup" daemon [_thread_blocked, id=26256, stack(0x000000e348500000,0x000000e348600000) (1024K)]
  0x0000029b5fb62970 JavaThread "http-nio-8080-exec-5"       daemon [_thread_blocked, id=23720, stack(0x000000e34a300000,0x000000e34a400000) (1024K)]
  0x0000029b5fb5e7d0 JavaThread "http-nio-8080-exec-1"       daemon [_thread_blocked, id=28300, stack(0x000000e349900000,0x000000e349a00000) (1024K)]
  0x0000029b5fb5ee60 JavaThread "http-nio-8080-exec-1"       daemon [_thread_blocked, id=27660, stack(0x000000e349d00000,0x000000e349e00000) (1024K)]
  0x0000029b5fb63000 JavaThread "Catalina-utility-1"                [_thread_blocked, id=28968, stack(0x000000e348400000,0x000000e348500000) (1024K)]
  0x0000029b5fb5f4f0 JavaThread "http-nio-8080-exec-1"       daemon [_thread_blocked, id=25480, stack(0x000000e34a000000,0x000000e34a100000) (1024K)]
  0x0000029b5fb5dab0 JavaThread "http-nio-8080-exec-2"       daemon [_thread_blocked, id=27576, stack(0x000000e34a100000,0x000000e34a200000) (1024K)]
  0x0000029b5fb5cd90 JavaThread "Thread-55"                         [_thread_blocked, id=26200, stack(0x000000e347300000,0x000000e347400000) (1024K)]
Total: 28

Other Threads:
  0x0000029b17fcfed0 VMThread "VM Thread"                           [id=29092, stack(0x000000e347b00000,0x000000e347c00000) (1024K)]
  0x0000029b17fbd0e0 WatcherThread "VM Periodic Task Thread"        [id=23780, stack(0x000000e347a00000,0x000000e347b00000) (1024K)]
  0x0000029b04a15070 WorkerThread "GC Thread#0"                     [id=26140, stack(0x000000e347500000,0x000000e347600000) (1024K)]
  0x0000029b5e2855c0 WorkerThread "GC Thread#1"                     [id=6960, stack(0x000000e348b00000,0x000000e348c00000) (1024K)]
=>0x0000029b5e285d00 WorkerThread "GC Thread#2"                     [id=23756, stack(0x000000e348c00000,0x000000e348d00000) (1024K)]
  0x0000029b5e286440 WorkerThread "GC Thread#3"                     [id=28868, stack(0x000000e348d00000,0x000000e348e00000) (1024K)]
  0x0000029b5e285220 WorkerThread "GC Thread#4"                     [id=11340, stack(0x000000e348e00000,0x000000e348f00000) (1024K)]
  0x0000029b5e2867e0 WorkerThread "GC Thread#5"                     [id=29192, stack(0x000000e348f00000,0x000000e349000000) (1024K)]
  0x0000029b5e286b80 WorkerThread "GC Thread#6"                     [id=23524, stack(0x000000e349000000,0x000000e349100000) (1024K)]
  0x0000029b5e285960 WorkerThread "GC Thread#7"                     [id=9960, stack(0x000000e349100000,0x000000e349200000) (1024K)]
  0x0000029b5e2ec600 WorkerThread "GC Thread#8"                     [id=4244, stack(0x000000e349200000,0x000000e349300000) (1024K)]
  0x0000029b5e2eb780 WorkerThread "GC Thread#9"                     [id=29108, stack(0x000000e349300000,0x000000e349400000) (1024K)]
  0x0000029b0273ded0 ConcurrentGCThread "G1 Main Marker"            [id=27160, stack(0x000000e347600000,0x000000e347700000) (1024K)]
  0x0000029b04a22610 WorkerThread "G1 Conc#0"                       [id=27664, stack(0x000000e347700000,0x000000e347800000) (1024K)]
  0x0000029b5e2ec9a0 WorkerThread "G1 Conc#1"                       [id=26852, stack(0x000000e349e00000,0x000000e349f00000) (1024K)]
  0x0000029b5e2ebb20 WorkerThread "G1 Conc#2"                       [id=27624, stack(0x000000e349f00000,0x000000e34a000000) (1024K)]
  0x0000029b04a5e660 ConcurrentGCThread "G1 Refine#0"               [id=27152, stack(0x000000e347800000,0x000000e347900000) (1024K)]
  0x0000029b17e8e4d0 ConcurrentGCThread "G1 Service"                [id=27104, stack(0x000000e347900000,0x000000e347a00000) (1024K)]
Total: 18

Threads with active compile tasks:
C1 CompilerThread0  7128709 8145       1       org.apache.catalina.util.LifecycleMBeanBase::destroyInternal (9 bytes)
Total: 1

VM state: at safepoint (normal execution)

VM Mutex/Monitor currently owned by a thread:  ([mutex/lock_event])
[0x00007ffbb57c3198] Threads_lock - owner thread: 0x0000029b17fcfed0
[0x00007ffbb57c3298] Heap_lock - owner thread: 0x0000029b5fb5cd90

Heap address: 0x0000000702600000, size: 4058 MB, Compressed Oops mode: Zero based, Oop shift amount: 3

CDS archive(s) mapped at: [0x0000029b19000000-0x0000029b19c90000-0x0000029b19c90000), size 13172736, SharedBaseAddress: 0x0000029b19000000, ArchiveRelocationMode: 1.
Compressed class space mapped at: 0x0000029b1a000000-0x0000029b5a000000, reserved size: 1073741824
Narrow klass base: 0x0000029b19000000, Narrow klass shift: 0, Narrow klass range: 0x100000000

GC Precious Log:
 CardTable entry size: 512
 Card Set container configuration: InlinePtr #cards 4 size 8 Array Of Cards #cards 16 size 48 Howl #buckets 8 coarsen threshold 3686 Howl Bitmap #cards 512 size 80 coarsen threshold 460 Card regions per heap region 1 cards per card region 4096
 CPUs: 12 total, 12 available
 Memory: 16230M
 Large Page Support: Disabled
 NUMA Support: Disabled
 Compressed Oops: Enabled (Zero based)
 Heap Region Size: 2M
 Heap Min Capacity: 8M
 Heap Initial Capacity: 254M
 Heap Max Capacity: 4058M
 Pre-touch: Disabled
 Parallel Workers: 10
 Concurrent Workers: 3
 Concurrent Refinement Workers: 10
 Periodic GC: Disabled

Heap:
 garbage-first heap   total 55296K, used 44292K [0x0000000702600000, 0x0000000800000000)
  region size 2048K, 12 young (24576K), 1 survivors (2048K)
 Metaspace       used 36697K, committed 37440K, reserved 1114112K
  class space    used 4853K, committed 5184K, reserved 1048576K

Heap Regions: E=young(eden), S=young(survivor), O=old, HS=humongous(starts), HC=humongous(continues), CS=collection set, F=free, TAMS=top-at-mark-start, PB=parsable bottom
|   0|0x0000000702600000, 0x00000007027fffa8, 0x0000000702800000| 99%| O|  |TAMS 0x0000000702600000| PB 0x0000000702600000| Untracked 
|   1|0x0000000702800000, 0x0000000702a00000, 0x0000000702a00000|100%| O|  |TAMS 0x0000000702800000| PB 0x0000000702800000| Untracked 
|   2|0x0000000702a00000, 0x0000000702bffff8, 0x0000000702c00000| 99%| O|  |TAMS 0x0000000702a00000| PB 0x0000000702a00000| Untracked 
|   3|0x0000000702c00000, 0x0000000702e00000, 0x0000000702e00000|100%| O|  |TAMS 0x0000000702c00000| PB 0x0000000702c00000| Untracked 
|   4|0x0000000702e00000, 0x0000000702ffffd8, 0x0000000703000000| 99%| O|  |TAMS 0x0000000702e00000| PB 0x0000000702e00000| Untracked 
|   5|0x0000000703000000, 0x00000007031fffe8, 0x0000000703200000| 99%| O|  |TAMS 0x0000000703000000| PB 0x0000000703000000| Untracked 
|   6|0x0000000703200000, 0x00000007033fffc0, 0x0000000703400000| 99%| O|  |TAMS 0x0000000703200000| PB 0x0000000703200000| Untracked 
|   7|0x0000000703400000, 0x00000007035ffff8, 0x0000000703600000| 99%| O|  |TAMS 0x0000000703400000| PB 0x0000000703400000| Untracked 
|   8|0x0000000703600000, 0x00000007037ffff0, 0x0000000703800000| 99%| O|  |TAMS 0x0000000703600000| PB 0x0000000703600000| Untracked 
|   9|0x0000000703800000, 0x0000000703821da8, 0x0000000703a00000|  6%| O|  |TAMS 0x0000000703800000| PB 0x0000000703800000| Untracked 
|  10|0x0000000703a00000, 0x0000000703ad6378, 0x0000000703c00000| 41%| O|  |TAMS 0x0000000703a00000| PB 0x0000000703a00000| Untracked 
|  11|0x0000000703c00000, 0x0000000703de5928, 0x0000000703e00000| 94%| O|  |TAMS 0x0000000703c00000| PB 0x0000000703c00000| Untracked 
|  12|0x0000000703e00000, 0x0000000703e00000, 0x0000000704000000|  0%| F|  |TAMS 0x0000000703e00000| PB 0x0000000703e00000| Untracked 
|  13|0x0000000704000000, 0x0000000704000000, 0x0000000704200000|  0%| F|  |TAMS 0x0000000704000000| PB 0x0000000704000000| Untracked 
|  14|0x0000000704200000, 0x0000000704295620, 0x0000000704400000| 29%| S|  |TAMS 0x0000000704200000| PB 0x0000000704200000| Complete 
|  15|0x0000000704400000, 0x0000000704400000, 0x0000000704600000|  0%| F|  |TAMS 0x0000000704400000| PB 0x0000000704400000| Untracked 
|  16|0x0000000704600000, 0x00000007047ce288, 0x0000000704800000| 90%| E|  |TAMS 0x0000000704600000| PB 0x0000000704600000| Complete 
|  17|0x0000000704800000, 0x0000000704a00000, 0x0000000704a00000|100%| E|  |TAMS 0x0000000704800000| PB 0x0000000704800000| Complete 
|  18|0x0000000704a00000, 0x0000000704c00000, 0x0000000704c00000|100%| E|  |TAMS 0x0000000704a00000| PB 0x0000000704a00000| Complete 
|  19|0x0000000704c00000, 0x0000000704e00000, 0x0000000704e00000|100%| E|  |TAMS 0x0000000704c00000| PB 0x0000000704c00000| Complete 
|  20|0x0000000704e00000, 0x0000000705000000, 0x0000000705000000|100%| E|  |TAMS 0x0000000704e00000| PB 0x0000000704e00000| Complete 
|  21|0x0000000705000000, 0x0000000705200000, 0x0000000705200000|100%| E|  |TAMS 0x0000000705000000| PB 0x0000000705000000| Complete 
|  22|0x0000000705200000, 0x0000000705400000, 0x0000000705400000|100%| E|  |TAMS 0x0000000705200000| PB 0x0000000705200000| Complete 
|  23|0x0000000705400000, 0x0000000705600000, 0x0000000705600000|100%| E|  |TAMS 0x0000000705400000| PB 0x0000000705400000| Complete 
|  24|0x0000000705600000, 0x0000000705800000, 0x0000000705800000|100%| E|  |TAMS 0x0000000705600000| PB 0x0000000705600000| Complete 
|  25|0x0000000705800000, 0x0000000705a00000, 0x0000000705a00000|100%| E|  |TAMS 0x0000000705800000| PB 0x0000000705800000| Complete 
|  26|0x0000000705a00000, 0x0000000705c00000, 0x0000000705c00000|100%| E|  |TAMS 0x0000000705a00000| PB 0x0000000705a00000| Complete 

Card table byte_map: [0x0000029b10ba0000,0x0000029b11390000] _byte_map_base: 0x0000029b0d38d000

Marking Bits: (CMBitMap*) 0x0000029b04a15770
 Bits: [0x0000029b11390000, 0x0000029b152f8000)

Polling page: 0x0000029b02920000

Metaspace:

Usage:
  Non-class:     31.10 MB used.
      Class:      4.74 MB used.
       Both:     35.84 MB used.

Virtual space:
  Non-class space:       64.00 MB reserved,      31.50 MB ( 49%) committed,  1 nodes.
      Class space:        1.00 GB reserved,       5.06 MB ( <1%) committed,  1 nodes.
             Both:        1.06 GB reserved,      36.56 MB (  3%) committed. 

Chunk freelists:
   Non-Class:  474.00 KB
       Class:  10.95 MB
        Both:  11.42 MB

MaxMetaspaceSize: unlimited
CompressedClassSpaceSize: 1.00 GB
Initial GC threshold: 21.00 MB
Current GC threshold: 60.88 MB
CDS: on
 - commit_granule_bytes: 65536.
 - commit_granule_words: 8192.
 - virtual_space_node_default_size: 8388608.
 - enlarge_chunks_in_place: 1.
 - use_allocation_guard: 0.


Internal statistics:

num_allocs_failed_limit: 3.
num_arena_births: 1430.
num_arena_deaths: 768.
num_vsnodes_births: 2.
num_vsnodes_deaths: 0.
num_space_committed: 585.
num_space_uncommitted: 0.
num_chunks_returned_to_freelist: 953.
num_chunks_taken_from_freelist: 2974.
num_chunk_merges: 168.
num_chunk_splits: 1636.
num_chunks_enlarged: 1093.
num_inconsistent_stats: 0.

CodeCache: size=49152Kb used=11998Kb max_used=12688Kb free=37153Kb
 bounds [0x0000029b0d070000, 0x0000029b0ddc0000, 0x0000029b10070000]
 total_blobs=6247 nmethods=5648 adapters=523
 compilation: enabled
              stopped_count=0, restarted_count=0
 full_count=0

Compilation events (20 events):
Event: 6782.308 Thread 0x0000029b18007770 nmethod 8134 0x0000029b0daa7010 code [0x0000029b0daa71a0, 0x0000029b0daa7280]
Event: 6782.308 Thread 0x0000029b18007770 8135   !   1       sun.nio.ch.NioSocketImpl::setOption (538 bytes)
Event: 6782.309 Thread 0x0000029b18007770 nmethod 8135 0x0000029b0dbc2a10 code [0x0000029b0dbc2e20, 0x0000029b0dbc4628]
Event: 6901.256 Thread 0x0000029b18007770 8136       1       java.net.ServerSocket::isBound (5 bytes)
Event: 6901.257 Thread 0x0000029b18007770 nmethod 8136 0x0000029b0dab3210 code [0x0000029b0dab33a0, 0x0000029b0dab3470]
Event: 6901.258 Thread 0x0000029b18007770 8137       1       java.io.ObjectInputStream$BlockDataInputStream::read (138 bytes)
Event: 6901.258 Thread 0x0000029b18007770 nmethod 8137 0x0000029b0dbc2210 code [0x0000029b0dbc2420, 0x0000029b0dbc2878]
Event: 7082.327 Thread 0x0000029b18007770 8138       1       java.net.ServerSocket::isClosed (5 bytes)
Event: 7082.327 Thread 0x0000029b18007770 nmethod 8138 0x0000029b0dbc1f10 code [0x0000029b0dbc20a0, 0x0000029b0dbc2170]
Event: 7121.237 Thread 0x0000029b18007770 8140       1       java.util.regex.Pattern::compile (537 bytes)
Event: 7121.242 Thread 0x0000029b18007770 nmethod 8140 0x0000029b0dbbfb10 code [0x0000029b0dbbfea0, 0x0000029b0dbc16c8]
Event: 7121.242 Thread 0x0000029b18007770 8141       1       java.util.regex.Pattern::expr (142 bytes)
Event: 7121.244 Thread 0x0000029b18007770 nmethod 8141 0x0000029b0dbbed90 code [0x0000029b0dbbefa0, 0x0000029b0dbbf720]
Event: 7121.244 Thread 0x0000029b18007770 8142       1       java.util.Formatter$Conversion::isValid (358 bytes)
Event: 7121.245 Thread 0x0000029b18007770 nmethod 8142 0x0000029b0dbbea10 code [0x0000029b0dbbeba0, 0x0000029b0dbbecd8]
Event: 7121.245 Thread 0x0000029b18007770 8139       1       java.util.regex.Matcher::groupCount (10 bytes)
Event: 7121.245 Thread 0x0000029b18007770 nmethod 8139 0x0000029b0dbbe710 code [0x0000029b0dbbe8a0, 0x0000029b0dbbe978]
Event: 7128.556 Thread 0x0000029b18007770 8143       1       org.apache.catalina.core.DefaultInstanceManager::preDestroy (105 bytes)
Event: 7128.556 Thread 0x0000029b18007770 nmethod 8143 0x0000029b0dbbd710 code [0x0000029b0dbbd9a0, 0x0000029b0dbbe150]
Event: 7128.558 Thread 0x0000029b18007770 8145       1       org.apache.catalina.util.LifecycleMBeanBase::destroyInternal (9 bytes)

GC Heap History (20 events):
Event: 3807.457 GC heap after
{Heap after GC invocations=32 (full 10):
 garbage-first heap   total 55296K, used 19078K [0x0000000702600000, 0x0000000800000000)
  region size 2048K, 2 young (4096K), 2 survivors (4096K)
 Metaspace       used 36528K, committed 37184K, reserved 1114112K
  class space    used 4822K, committed 5184K, reserved 1048576K
}
Event: 4486.951 GC heap before
{Heap before GC invocations=32 (full 10):
 garbage-first heap   total 55296K, used 41606K [0x0000000702600000, 0x0000000800000000)
  region size 2048K, 14 young (28672K), 2 survivors (4096K)
 Metaspace       used 36565K, committed 37184K, reserved 1114112K
  class space    used 4831K, committed 5184K, reserved 1048576K
}
Event: 4486.954 GC heap after
{Heap after GC invocations=33 (full 10):
 garbage-first heap   total 55296K, used 20501K [0x0000000702600000, 0x0000000800000000)
  region size 2048K, 1 young (2048K), 1 survivors (2048K)
 Metaspace       used 36565K, committed 37184K, reserved 1114112K
  class space    used 4831K, committed 5184K, reserved 1048576K
}
Event: 4804.133 GC heap before
{Heap before GC invocations=33 (full 10):
 garbage-first heap   total 55296K, used 30741K [0x0000000702600000, 0x0000000800000000)
  region size 2048K, 7 young (14336K), 1 survivors (2048K)
 Metaspace       used 36590K, committed 37248K, reserved 1114112K
  class space    used 4834K, committed 5184K, reserved 1048576K
}
Event: 4804.165 GC heap after
{Heap after GC invocations=34 (full 11):
 garbage-first heap   total 55296K, used 14982K [0x0000000702600000, 0x0000000800000000)
  region size 2048K, 0 young (0K), 0 survivors (0K)
 Metaspace       used 36521K, committed 37248K, reserved 1114112K
  class space    used 4815K, committed 5184K, reserved 1048576K
}
Event: 4804.472 GC heap before
{Heap before GC invocations=34 (full 11):
 garbage-first heap   total 55296K, used 43654K [0x0000000702600000, 0x0000000800000000)
  region size 2048K, 14 young (28672K), 0 survivors (0K)
 Metaspace       used 36683K, committed 37376K, reserved 1114112K
  class space    used 4856K, committed 5184K, reserved 1048576K
}
Event: 4804.474 GC heap after
{Heap after GC invocations=35 (full 11):
 garbage-first heap   total 55296K, used 18762K [0x0000000702600000, 0x0000000800000000)
  region size 2048K, 2 young (4096K), 2 survivors (4096K)
 Metaspace       used 36683K, committed 37376K, reserved 1114112K
  class space    used 4856K, committed 5184K, reserved 1048576K
}
Event: 5172.872 GC heap before
{Heap before GC invocations=35 (full 11):
 garbage-first heap   total 55296K, used 35146K [0x0000000702600000, 0x0000000800000000)
  region size 2048K, 11 young (22528K), 2 survivors (4096K)
 Metaspace       used 36709K, committed 37376K, reserved 1114112K
  class space    used 4861K, committed 5184K, reserved 1048576K
}
Event: 5172.904 GC heap after
{Heap after GC invocations=36 (full 12):
 garbage-first heap   total 55296K, used 18183K [0x0000000702600000, 0x0000000800000000)
  region size 2048K, 0 young (0K), 0 survivors (0K)
 Metaspace       used 36709K, committed 37376K, reserved 1114112K
  class space    used 4861K, committed 5184K, reserved 1048576K
}
Event: 5173.152 GC heap before
{Heap before GC invocations=36 (full 12):
 garbage-first heap   total 55296K, used 42759K [0x0000000702600000, 0x0000000800000000)
  region size 2048K, 12 young (24576K), 0 survivors (0K)
 Metaspace       used 36738K, committed 37440K, reserved 1114112K
  class space    used 4867K, committed 5184K, reserved 1048576K
}
Event: 5173.154 GC heap after
{Heap after GC invocations=37 (full 12):
 garbage-first heap   total 55296K, used 20841K [0x0000000702600000, 0x0000000800000000)
  region size 2048K, 2 young (4096K), 2 survivors (4096K)
 Metaspace       used 36738K, committed 37440K, reserved 1114112K
  class space    used 4867K, committed 5184K, reserved 1048576K
}
Event: 5206.597 GC heap before
{Heap before GC invocations=37 (full 12):
 garbage-first heap   total 55296K, used 24937K [0x0000000702600000, 0x0000000800000000)
  region size 2048K, 5 young (10240K), 2 survivors (4096K)
 Metaspace       used 36741K, committed 37440K, reserved 1114112K
  class space    used 4867K, committed 5184K, reserved 1048576K
}
Event: 5206.636 GC heap after
{Heap after GC invocations=38 (full 13):
 garbage-first heap   total 55296K, used 19424K [0x0000000702600000, 0x0000000800000000)
  region size 2048K, 0 young (0K), 0 survivors (0K)
 Metaspace       used 36649K, committed 37440K, reserved 1114112K
  class space    used 4843K, committed 5184K, reserved 1048576K
}
Event: 5206.950 GC heap before
{Heap before GC invocations=38 (full 13):
 garbage-first heap   total 55296K, used 44000K [0x0000000702600000, 0x0000000800000000)
  region size 2048K, 12 young (24576K), 0 survivors (0K)
 Metaspace       used 36675K, committed 37440K, reserved 1114112K
  class space    used 4849K, committed 5184K, reserved 1048576K
}
Event: 5206.952 GC heap after
{Heap after GC invocations=39 (full 13):
 garbage-first heap   total 55296K, used 21865K [0x0000000702600000, 0x0000000800000000)
  region size 2048K, 2 young (4096K), 2 survivors (4096K)
 Metaspace       used 36675K, committed 37440K, reserved 1114112K
  class space    used 4849K, committed 5184K, reserved 1048576K
}
Event: 5704.738 GC heap before
{Heap before GC invocations=39 (full 13):
 garbage-first heap   total 55296K, used 42345K [0x0000000702600000, 0x0000000800000000)
  region size 2048K, 12 young (24576K), 2 survivors (4096K)
 Metaspace       used 36689K, committed 37440K, reserved 1114112K
  class space    used 4851K, committed 5184K, reserved 1048576K
}
Event: 5704.742 GC heap after
{Heap after GC invocations=40 (full 13):
 garbage-first heap   total 55296K, used 22136K [0x0000000702600000, 0x0000000800000000)
  region size 2048K, 1 young (2048K), 1 survivors (2048K)
 Metaspace       used 36689K, committed 37440K, reserved 1114112K
  class space    used 4851K, committed 5184K, reserved 1048576K
}
Event: 6432.990 GC heap before
{Heap before GC invocations=40 (full 13):
 garbage-first heap   total 55296K, used 44664K [0x0000000702600000, 0x0000000800000000)
  region size 2048K, 12 young (24576K), 1 survivors (2048K)
 Metaspace       used 36689K, committed 37440K, reserved 1114112K
  class space    used 4851K, committed 5184K, reserved 1048576K
}
Event: 6432.994 GC heap after
{Heap after GC invocations=41 (full 13):
 garbage-first heap   total 55296K, used 21963K [0x0000000702600000, 0x0000000800000000)
  region size 2048K, 1 young (2048K), 1 survivors (2048K)
 Metaspace       used 36689K, committed 37440K, reserved 1114112K
  class space    used 4851K, committed 5184K, reserved 1048576K
}
Event: 7128.558 GC heap before
{Heap before GC invocations=41 (full 13):
 garbage-first heap   total 55296K, used 42443K [0x0000000702600000, 0x0000000800000000)
  region size 2048K, 12 young (24576K), 1 survivors (2048K)
 Metaspace       used 36697K, committed 37440K, reserved 1114112K
  class space    used 4853K, committed 5184K, reserved 1048576K
}

Dll operation events (12 events):
Event: 0.008 Loaded shared library C:\pleiades\2023-12\java\21\bin\java.dll
Event: 0.221 Loaded shared library C:\pleiades\2023-12\java\21\bin\zip.dll
Event: 0.226 Loaded shared library C:\pleiades\2023-12\java\21\bin\instrument.dll
Event: 0.230 Loaded shared library C:\pleiades\2023-12\java\21\bin\net.dll
Event: 0.231 Loaded shared library C:\pleiades\2023-12\java\21\bin\nio.dll
Event: 0.233 Loaded shared library C:\pleiades\2023-12\java\21\bin\zip.dll
Event: 0.323 Loaded shared library C:\pleiades\2023-12\java\21\bin\jimage.dll
Event: 0.362 Loaded shared library C:\pleiades\2023-12\java\21\bin\management.dll
Event: 0.371 Loaded shared library C:\pleiades\2023-12\java\21\bin\management_ext.dll
Event: 0.512 Loaded shared library C:\pleiades\2023-12\java\21\bin\verify.dll
Event: 0.589 Loaded shared library C:\pleiades\2023-12\java\21\bin\extnet.dll
Event: 1.444 Loaded shared library C:\pleiades\2023-12\java\21\bin\sunmscapi.dll

Deoptimization events (20 events):
Event: 7128.557 Thread 0x0000029b5fb5cd90 DEOPT PACKING pc=0x0000029b0d82c42c sp=0x000000e3473fc6d0
Event: 7128.557 Thread 0x0000029b5fb5cd90 DEOPT UNPACKING pc=0x0000029b0d0c4e42 sp=0x000000e3473fbc90 mode 1
Event: 7128.558 Thread 0x0000029b5fb622e0 DEOPT PACKING pc=0x0000029b0d32583c sp=0x000000e3486ff250
Event: 7128.558 Thread 0x0000029b5fb63d20 DEOPT PACKING pc=0x0000029b0d33dab4 sp=0x000000e3497ff1a0
Event: 7128.558 Thread 0x0000029b5fb622e0 DEOPT UNPACKING pc=0x0000029b0d0c4e42 sp=0x000000e3486fe7f0 mode 1
Event: 7128.558 Thread 0x0000029b5fb63d20 DEOPT UNPACKING pc=0x0000029b0d0c4e42 sp=0x000000e3497fe688 mode 1
Event: 7128.558 Thread 0x0000029b5fb622e0 DEOPT PACKING pc=0x0000029b0d31dd4c sp=0x000000e3486ff3c0
Event: 7128.558 Thread 0x0000029b5fb622e0 DEOPT UNPACKING pc=0x0000029b0d0c4e42 sp=0x000000e3486fe918 mode 1
Event: 7128.558 Thread 0x0000029b5fb63000 DEOPT PACKING pc=0x0000029b0d32583c sp=0x000000e3484fef00
Event: 7128.558 Thread 0x0000029b5fb622e0 DEOPT PACKING pc=0x0000029b0d31d40c sp=0x000000e3486ff4f0
Event: 7128.558 Thread 0x0000029b5fb622e0 DEOPT UNPACKING pc=0x0000029b0d0c4e42 sp=0x000000e3486fe980 mode 1
Event: 7128.558 Thread 0x0000029b5fb63000 DEOPT UNPACKING pc=0x0000029b0d0c4e42 sp=0x000000e3484fe4a0 mode 1
Event: 7128.558 Thread 0x0000029b5fb622e0 DEOPT PACKING pc=0x0000029b0d32021c sp=0x000000e3486ff520
Event: 7128.558 Thread 0x0000029b5fb622e0 DEOPT UNPACKING pc=0x0000029b0d0c4e42 sp=0x000000e3486fea20 mode 1
Event: 7128.558 Thread 0x0000029b5fb63000 DEOPT PACKING pc=0x0000029b0d31de6c sp=0x000000e3484ff070
Event: 7128.558 Thread 0x0000029b5fb63000 DEOPT UNPACKING pc=0x0000029b0d0c4e42 sp=0x000000e3484fe5c8 mode 1
Event: 7128.558 Thread 0x0000029b5fb63000 DEOPT PACKING pc=0x0000029b0d31d40c sp=0x000000e3484ff1a0
Event: 7128.558 Thread 0x0000029b5fb63000 DEOPT UNPACKING pc=0x0000029b0d0c4e42 sp=0x000000e3484fe630 mode 1
Event: 7128.558 Thread 0x0000029b5fb63000 DEOPT PACKING pc=0x0000029b0d32021c sp=0x000000e3484ff1d0
Event: 7128.558 Thread 0x0000029b5fb63000 DEOPT UNPACKING pc=0x0000029b0d0c4e42 sp=0x000000e3484fe6d0 mode 1

Classes loaded (20 events):
Event: 100.159 Loading class java/util/regex/Matcher$ImmutableMatchResult
Event: 100.159 Loading class java/util/regex/Matcher$ImmutableMatchResult done
Event: 178.679 Loading class java/util/stream/ReferencePipeline$4
Event: 178.679 Loading class java/util/stream/ReferencePipeline$4 done
Event: 178.679 Loading class java/util/function/IntBinaryOperator
Event: 178.679 Loading class java/util/function/IntBinaryOperator done
Event: 178.679 Loading class java/util/stream/ReduceOps$7
Event: 178.679 Loading class java/util/stream/ReduceOps$7 done
Event: 178.679 Loading class java/util/stream/ReduceOps$6ReducingSink
Event: 178.679 Loading class java/util/stream/ReduceOps$6ReducingSink done
Event: 178.679 Loading class java/util/stream/ReferencePipeline$4$1
Event: 178.679 Loading class java/util/stream/ReferencePipeline$4$1 done
Event: 178.682 Loading class java/lang/Throwable$WrappedPrintWriter
Event: 178.682 Loading class java/lang/Throwable$WrappedPrintWriter done
Event: 2775.989 Loading class java/time/DurationEditor
Event: 2775.989 Loading class java/time/DurationEditor done
Event: 2989.143 Loading class sun/net/ConnectionResetException
Event: 2989.143 Loading class sun/net/ConnectionResetException done
Event: 4804.440 Loading class java/time/DurationEditor
Event: 4804.440 Loading class java/time/DurationEditor done

Classes unloaded (20 events):
Event: 5206.612 Thread 0x0000029b17fcfed0 Unloading class 0x0000029b1a3e8000 'java/lang/invoke/LambdaForm$MH+0x0000029b1a3e8000'
Event: 5206.612 Thread 0x0000029b17fcfed0 Unloading class 0x0000029b1a3e1800 'java/lang/invoke/LambdaForm$MH+0x0000029b1a3e1800'
Event: 5206.612 Thread 0x0000029b17fcfed0 Unloading class 0x0000029b1a346800 'java/lang/invoke/LambdaForm$MH+0x0000029b1a346800'
Event: 5206.613 Thread 0x0000029b17fcfed0 Unloading class 0x0000029b1a342800 'java/lang/invoke/LambdaForm$MH+0x0000029b1a342800'
Event: 5206.613 Thread 0x0000029b17fcfed0 Unloading class 0x0000029b1a192400 'java/lang/invoke/LambdaForm$MH+0x0000029b1a192400'
Event: 5206.613 Thread 0x0000029b17fcfed0 Unloading class 0x0000029b1a2cc000 'java/lang/invoke/LambdaForm$MH+0x0000029b1a2cc000'
Event: 5206.613 Thread 0x0000029b17fcfed0 Unloading class 0x0000029b1a348000 'java/lang/invoke/LambdaForm$MH+0x0000029b1a348000'
Event: 5206.613 Thread 0x0000029b17fcfed0 Unloading class 0x0000029b1a33c000 'java/lang/invoke/LambdaForm$MH+0x0000029b1a33c000'
Event: 5206.613 Thread 0x0000029b17fcfed0 Unloading class 0x0000029b1a171800 'java/lang/invoke/LambdaForm$MH+0x0000029b1a171800'
Event: 5206.613 Thread 0x0000029b17fcfed0 Unloading class 0x0000029b1a382400 'java/lang/invoke/LambdaForm$MH+0x0000029b1a382400'
Event: 5206.613 Thread 0x0000029b17fcfed0 Unloading class 0x0000029b1a3e9800 'java/lang/invoke/LambdaForm$MH+0x0000029b1a3e9800'
Event: 5206.613 Thread 0x0000029b17fcfed0 Unloading class 0x0000029b1a3f1000 'java/lang/invoke/LambdaForm$BMH+0x0000029b1a3f1000'
Event: 5206.613 Thread 0x0000029b17fcfed0 Unloading class 0x0000029b1a0c7000 'java/lang/invoke/LambdaForm$MH+0x0000029b1a0c7000'
Event: 5206.613 Thread 0x0000029b17fcfed0 Unloading class 0x0000029b1a007c00 'java/lang/invoke/LambdaForm$MH+0x0000029b1a007c00'
Event: 5206.613 Thread 0x0000029b17fcfed0 Unloading class 0x0000029b1a36c400 'java/lang/invoke/LambdaForm$MH+0x0000029b1a36c400'
Event: 5206.613 Thread 0x0000029b17fcfed0 Unloading class 0x0000029b1a3c8400 'java/lang/invoke/LambdaForm$MH+0x0000029b1a3c8400'
Event: 5206.613 Thread 0x0000029b17fcfed0 Unloading class 0x0000029b1a186400 'jdk/internal/reflect/GeneratedSerializationConstructorAccessor26'
Event: 5206.613 Thread 0x0000029b17fcfed0 Unloading class 0x0000029b1a192c00 'jdk/internal/reflect/GeneratedSerializationConstructorAccessor25'
Event: 5206.613 Thread 0x0000029b17fcfed0 Unloading class 0x0000029b1a1a0800 'jdk/internal/reflect/GeneratedSerializationConstructorAccessor24'
Event: 5206.613 Thread 0x0000029b17fcfed0 Unloading class 0x0000029b1a41c800 'jdk/internal/reflect/GeneratedSerializationConstructorAccessor23'

Classes redefined (20 events):
Event: 3237.791 Thread 0x0000029b17fcfed0 redefined class name=com.Inventory.Controller.indexController, count=2
Event: 3246.600 Thread 0x0000029b17fcfed0 redefined class name=com.Inventory.Controller.indexController, count=3
Event: 3246.600 Thread 0x0000029b17fcfed0 redefined class name=com.Inventory.Controller.indexController, count=2
Event: 3246.600 Thread 0x0000029b17fcfed0 redefined class name=com.Inventory.Controller.indexController, count=3
Event: 3246.600 Thread 0x0000029b17fcfed0 redefined class name=com.Inventory.Controller.indexController, count=1
Event: 3246.600 Thread 0x0000029b17fcfed0 redefined class name=com.Inventory.Controller.indexController, count=3
Event: 3246.600 Thread 0x0000029b17fcfed0 redefined class name=com.Inventory.Controller.indexController, count=4
Event: 3246.600 Thread 0x0000029b17fcfed0 redefined class name=com.Inventory.Controller.indexController, count=2
Event: 3246.600 Thread 0x0000029b17fcfed0 redefined class name=com.Inventory.Controller.indexController, count=3
Event: 3246.600 Thread 0x0000029b17fcfed0 redefined class name=com.Inventory.Controller.indexController, count=3
Event: 3805.544 Thread 0x0000029b17fcfed0 redefined class name=com.Inventory.Controller.indexController, count=1
Event: 3805.544 Thread 0x0000029b17fcfed0 redefined class name=com.Inventory.Controller.indexController, count=4
Event: 3805.544 Thread 0x0000029b17fcfed0 redefined class name=com.Inventory.Controller.indexController, count=3
Event: 3805.544 Thread 0x0000029b17fcfed0 redefined class name=com.Inventory.Controller.indexController, count=4
Event: 3805.544 Thread 0x0000029b17fcfed0 redefined class name=com.Inventory.Controller.indexController, count=2
Event: 3805.544 Thread 0x0000029b17fcfed0 redefined class name=com.Inventory.Controller.indexController, count=4
Event: 3805.544 Thread 0x0000029b17fcfed0 redefined class name=com.Inventory.Controller.indexController, count=5
Event: 3805.544 Thread 0x0000029b17fcfed0 redefined class name=com.Inventory.Controller.indexController, count=3
Event: 3805.544 Thread 0x0000029b17fcfed0 redefined class name=com.Inventory.Controller.indexController, count=4
Event: 3805.544 Thread 0x0000029b17fcfed0 redefined class name=com.Inventory.Controller.indexController, count=4

Internal exceptions (20 events):
Event: 4804.373 Thread 0x0000029b5fb5ee60 Exception <a 'java/lang/NoSuchMethodError'{0x0000000704805468}: 'void java.lang.invoke.DelegatingMethodHandle$Holder.reinvoke_L(java.lang.Object, java.lang.Object, int)'> (0x0000000704805468) 
thrown [s\src\hotspot\share\interpreter\linkResolver.cpp, line 773]
Event: 4804.397 Thread 0x0000029b5fb5ee60 Exception <a 'java/lang/NoSuchMethodError'{0x00000007044313d0}: 'int java.lang.invoke.DirectMethodHandle$Holder.invokeVirtual(java.lang.Object, java.lang.Object, java.lang.Object, java.lang.Object)'> (0x00000007044313d0) 
thrown [s\src\hotspot\share\interpreter\linkResolver.cpp, line 773]
Event: 4804.397 Thread 0x0000029b5fb5ee60 Exception <a 'java/lang/NoSuchMethodError'{0x0000000704434998}: 'int java.lang.invoke.DelegatingMethodHandle$Holder.reinvoke_L(java.lang.Object, java.lang.Object, java.lang.Object, java.lang.Object)'> (0x0000000704434998) 
thrown [s\src\hotspot\share\interpreter\linkResolver.cpp, line 773]
Event: 4804.404 Thread 0x0000029b5fb5ee60 Exception <a 'java/io/FileNotFoundException'{0x000000070447d1a0}> (0x000000070447d1a0) 
thrown [s\src\hotspot\share\prims\jni.cpp, line 520]
Event: 4804.411 Thread 0x0000029b5fb5ee60 Exception <a 'java/io/FileNotFoundException'{0x0000000704556878}> (0x0000000704556878) 
thrown [s\src\hotspot\share\prims\jni.cpp, line 520]
Event: 5016.124 Thread 0x0000029b5fb62970 Exception <a 'java/lang/NullPointerException'{0x00000007051dbeb0}> (0x00000007051dbeb0) 
thrown [s\src\hotspot\share\interpreter\linkResolver.cpp, line 1456]
Event: 5172.872 Thread 0x0000029b5fb5fb80 Exception <a 'java/lang/InterruptedException'{0x0000000704ad6258}: sleep interrupted> (0x0000000704ad6258) 
thrown [s\src\hotspot\share\prims\jvm.cpp, line 3074]
Event: 5172.914 Thread 0x0000029b5e92a690 Exception <a 'sun/nio/fs/WindowsException'{0x0000000705a678b0}> (0x0000000705a678b0) 
thrown [s\src\hotspot\share\prims\jni.cpp, line 520]
Event: 5173.073 Thread 0x0000029b5e92a690 Exception <a 'java/lang/NoClassDefFoundError'{0x0000000704a93fb0}: org/flywaydb/core/Flyway> (0x0000000704a93fb0) 
thrown [s\src\hotspot\share\oops\constantPool.cpp, line 871]
Event: 5173.075 Thread 0x0000029b5e92a690 Exception <a 'java/lang/NoClassDefFoundError'{0x0000000704a94660}: liquibase/integration/spring/SpringLiquibase> (0x0000000704a94660) 
thrown [s\src\hotspot\share\oops\constantPool.cpp, line 871]
Event: 5173.102 Thread 0x0000029b5e92a690 Exception <a 'java/io/FileNotFoundException'{0x00000007046977a0}> (0x00000007046977a0) 
thrown [s\src\hotspot\share\prims\jni.cpp, line 520]
Event: 5173.109 Thread 0x0000029b5e92a690 Exception <a 'java/io/FileNotFoundException'{0x0000000704766f48}> (0x0000000704766f48) 
thrown [s\src\hotspot\share\prims\jni.cpp, line 520]
Event: 5206.597 Thread 0x0000029b5e92d480 Exception <a 'java/lang/InterruptedException'{0x00000007057d29d8}: sleep interrupted> (0x00000007057d29d8) 
thrown [s\src\hotspot\share\prims\jvm.cpp, line 3074]
Event: 5206.648 Thread 0x0000029b5fb5cd90 Exception <a 'sun/nio/fs/WindowsException'{0x0000000705a6de30}> (0x0000000705a6de30) 
thrown [s\src\hotspot\share\prims\jni.cpp, line 520]
Event: 5206.808 Thread 0x0000029b5fb5cd90 Exception <a 'java/lang/NoClassDefFoundError'{0x0000000704a91868}: org/flywaydb/core/Flyway> (0x0000000704a91868) 
thrown [s\src\hotspot\share\oops\constantPool.cpp, line 871]
Event: 5206.867 Thread 0x0000029b5fb5cd90 Exception <a 'java/lang/NoClassDefFoundError'{0x0000000704a91ec8}: liquibase/integration/spring/SpringLiquibase> (0x0000000704a91ec8) 
thrown [s\src\hotspot\share\oops\constantPool.cpp, line 871]
Event: 5206.901 Thread 0x0000029b5fb5cd90 Exception <a 'java/io/FileNotFoundException'{0x0000000704694320}> (0x0000000704694320) 
thrown [s\src\hotspot\share\prims\jni.cpp, line 520]
Event: 5206.908 Thread 0x0000029b5fb5cd90 Exception <a 'java/io/FileNotFoundException'{0x0000000704763e48}> (0x0000000704763e48) 
thrown [s\src\hotspot\share\prims\jni.cpp, line 520]
Event: 5401.229 Thread 0x0000029b5e97c090 Exception <a 'java/lang/NoSuchMethodError'{0x00000007050dbd70}: static [B.<clinit>()V> (0x00000007050dbd70) 
thrown [s\src\hotspot\share\prims\jni.cpp, line 1106]
Event: 7128.558 Thread 0x0000029b5fb63d20 Exception <a 'java/lang/InterruptedException'{0x00000007047c1968}: sleep interrupted> (0x00000007047c1968) 
thrown [s\src\hotspot\share\prims\jvm.cpp, line 3074]

ZGC Phase Switch (0 events):
No events

VM Operations (20 events):
Event: 7119.900 Executing VM operation: ChangeSingleStep done
Event: 7119.900 Executing VM operation: ChangeSingleStep
Event: 7119.900 Executing VM operation: ChangeSingleStep done
Event: 7120.000 Executing VM operation: get/set locals
Event: 7120.000 Executing VM operation: get/set locals done
Event: 7120.001 Executing VM operation: get/set locals
Event: 7120.001 Executing VM operation: get/set locals done
Event: 7120.002 Executing VM operation: get/set locals
Event: 7120.002 Executing VM operation: get/set locals done
Event: 7120.003 Executing VM operation: get/set locals
Event: 7120.003 Executing VM operation: get/set locals done
Event: 7120.003 Executing VM operation: get/set locals
Event: 7120.003 Executing VM operation: get/set locals done
Event: 7120.004 Executing VM operation: get/set locals
Event: 7120.004 Executing VM operation: get/set locals done
Event: 7120.005 Executing VM operation: get/set locals
Event: 7120.005 Executing VM operation: get/set locals done
Event: 7122.008 Executing VM operation: Cleanup
Event: 7122.008 Executing VM operation: Cleanup done
Event: 7128.558 Executing VM operation: G1CollectFull (System.gc())

Events (20 events):
Event: 5206.979 Thread 0x0000029b5e92c0d0 Thread added: 0x0000029b5e92c0d0
Event: 5206.979 Thread 0x0000029b5e92c760 Thread added: 0x0000029b5e92c760
Event: 5206.983 Thread 0x0000029b5fb5cd90 Thread exited: 0x0000029b5fb5cd90
Event: 5206.983 Thread 0x0000029b5fb643b0 Thread exited: 0x0000029b5fb643b0
Event: 5222.034 Thread 0x0000029b1819f990 Thread added: 0x0000029b1819f990
Event: 5227.048 Thread 0x0000029b1819f990 Thread exited: 0x0000029b1819f990
Event: 7121.238 Thread 0x0000029b5fb5cd90 Thread added: 0x0000029b5fb5cd90
Event: 7121.239 Thread 0x0000029b5fb5d420 Thread exited: 0x0000029b5fb5d420
Event: 7121.254 Thread 0x0000029b5e92c760 Thread exited: 0x0000029b5e92c760
Event: 7121.255 Thread 0x0000029b5e92c0d0 Thread exited: 0x0000029b5e92c0d0
Event: 7121.255 Thread 0x0000029b5fb61c50 Thread exited: 0x0000029b5fb61c50
Event: 7121.256 Thread 0x0000029b5e92a690 Thread exited: 0x0000029b5e92a690
Event: 7121.256 Thread 0x0000029b5fb5fb80 Thread exited: 0x0000029b5fb5fb80
Event: 7121.256 Thread 0x0000029b5fb60210 Thread exited: 0x0000029b5fb60210
Event: 7121.256 Thread 0x0000029b5fb615c0 Thread exited: 0x0000029b5fb615c0
Event: 7121.257 Thread 0x0000029b5e92ba40 Thread exited: 0x0000029b5e92ba40
Event: 7121.257 Thread 0x0000029b5fb63690 Thread exited: 0x0000029b5fb63690
Event: 7121.257 Thread 0x0000029b5e92cdf0 Thread exited: 0x0000029b5e92cdf0
Event: 7128.558 Thread 0x0000029b5fb63d20 Thread exited: 0x0000029b5fb63d20
Event: 7128.558 Thread 0x0000029b5fb622e0 Thread exited: 0x0000029b5fb622e0


Dynamic libraries:
0x00007ff743040000 - 0x00007ff74304e000 	C:\pleiades\2023-12\java\21\bin\javaw.exe
0x00007ffc8d970000 - 0x00007ffc8db87000 	C:\WINDOWS\SYSTEM32\ntdll.dll
0x00007ffc5f4e0000 - 0x00007ffc5f4fa000 	C:\Program Files\AVAST Software\Avast\aswhook.dll
0x00007ffc8bf00000 - 0x00007ffc8bfc4000 	C:\WINDOWS\System32\KERNEL32.DLL
0x00007ffc8adb0000 - 0x00007ffc8b15d000 	C:\WINDOWS\System32\KERNELBASE.dll
0x00007ffc8b3f0000 - 0x00007ffc8b501000 	C:\WINDOWS\System32\ucrtbase.dll
0x00007ffc6ac70000 - 0x00007ffc6ac88000 	C:\pleiades\2023-12\java\21\bin\jli.dll
0x00007ffc63e00000 - 0x00007ffc63e1b000 	C:\pleiades\2023-12\java\21\bin\VCRUNTIME140.dll
0x00007ffc8c130000 - 0x00007ffc8c2de000 	C:\WINDOWS\System32\USER32.dll
0x00007ffc8b5b0000 - 0x00007ffc8b5d6000 	C:\WINDOWS\System32\win32u.dll
0x00007ffc6e710000 - 0x00007ffc6e9a3000 	C:\WINDOWS\WinSxS\amd64_microsoft.windows.common-controls_6595b64144ccf1df_6.0.22621.3672_none_2713b9d173822955\COMCTL32.dll
0x00007ffc8d050000 - 0x00007ffc8d079000 	C:\WINDOWS\System32\GDI32.dll
0x00007ffc8cd30000 - 0x00007ffc8cdd7000 	C:\WINDOWS\System32\msvcrt.dll
0x00007ffc8b2d0000 - 0x00007ffc8b3e9000 	C:\WINDOWS\System32\gdi32full.dll
0x00007ffc8b510000 - 0x00007ffc8b5aa000 	C:\WINDOWS\System32\msvcp_win.dll
0x00007ffc8d8f0000 - 0x00007ffc8d921000 	C:\WINDOWS\System32\IMM32.DLL
0x00007ffc61470000 - 0x00007ffc6147c000 	C:\pleiades\2023-12\java\21\bin\vcruntime140_1.dll
0x00007ffc47fa0000 - 0x00007ffc4802e000 	C:\pleiades\2023-12\java\21\bin\msvcp140.dll
0x00007ffbb4b20000 - 0x00007ffbb58a3000 	C:\pleiades\2023-12\java\21\bin\server\jvm.dll
0x00007ffc8c7f0000 - 0x00007ffc8c8a2000 	C:\WINDOWS\System32\ADVAPI32.dll
0x00007ffc8be50000 - 0x00007ffc8bef9000 	C:\WINDOWS\System32\sechost.dll
0x00007ffc8ad10000 - 0x00007ffc8ad38000 	C:\WINDOWS\System32\bcrypt.dll
0x00007ffc8bbc0000 - 0x00007ffc8bcd4000 	C:\WINDOWS\System32\RPCRT4.dll
0x00007ffc8cfd0000 - 0x00007ffc8d041000 	C:\WINDOWS\System32\WS2_32.dll
0x00007ffc828f0000 - 0x00007ffc82924000 	C:\WINDOWS\SYSTEM32\WINMM.dll
0x00007ffc89b20000 - 0x00007ffc89b6d000 	C:\WINDOWS\SYSTEM32\POWRPROF.dll
0x00007ffc83120000 - 0x00007ffc8312a000 	C:\WINDOWS\SYSTEM32\VERSION.dll
0x00007ffc89b00000 - 0x00007ffc89b13000 	C:\WINDOWS\SYSTEM32\UMPDC.dll
0x00007ffc89db0000 - 0x00007ffc89dc8000 	C:\WINDOWS\SYSTEM32\kernel.appcore.dll
0x00007ffc5cd40000 - 0x00007ffc5cd4a000 	C:\pleiades\2023-12\java\21\bin\jimage.dll
0x00007ffc7c7a0000 - 0x00007ffc7c9d2000 	C:\WINDOWS\SYSTEM32\DBGHELP.DLL
0x00007ffc8c460000 - 0x00007ffc8c7ed000 	C:\WINDOWS\System32\combase.dll
0x00007ffc8c000000 - 0x00007ffc8c0d7000 	C:\WINDOWS\System32\OLEAUT32.dll
0x00007ffc7c760000 - 0x00007ffc7c792000 	C:\WINDOWS\SYSTEM32\dbgcore.DLL
0x00007ffc8ac90000 - 0x00007ffc8ad0b000 	C:\WINDOWS\System32\bcryptPrimitives.dll
0x00007ffc4f730000 - 0x00007ffc4f76c000 	C:\pleiades\2023-12\java\21\bin\jdwp.dll
0x00007ffc5a3a0000 - 0x00007ffc5a3af000 	C:\pleiades\2023-12\java\21\bin\instrument.dll
0x00007ffc4bf70000 - 0x00007ffc4bf8f000 	C:\pleiades\2023-12\java\21\bin\java.dll
0x00007ffc8d080000 - 0x00007ffc8d8e8000 	C:\WINDOWS\System32\SHELL32.dll
0x00007ffc88bf0000 - 0x00007ffc894ee000 	C:\WINDOWS\SYSTEM32\windows.storage.dll
0x00007ffc88ab0000 - 0x00007ffc88bef000 	C:\WINDOWS\SYSTEM32\wintypes.dll
0x00007ffc8bd50000 - 0x00007ffc8be49000 	C:\WINDOWS\System32\SHCORE.dll
0x00007ffc8b730000 - 0x00007ffc8b78e000 	C:\WINDOWS\System32\shlwapi.dll
0x00007ffc8abc0000 - 0x00007ffc8abe1000 	C:\WINDOWS\SYSTEM32\profapi.dll
0x00007ffc59d40000 - 0x00007ffc59d4c000 	C:\pleiades\2023-12\java\21\bin\dt_socket.dll
0x00007ffc897c0000 - 0x00007ffc897ed000 	C:\WINDOWS\SYSTEM32\IPHLPAPI.DLL
0x00007ffc8a220000 - 0x00007ffc8a289000 	C:\WINDOWS\system32\mswsock.dll
0x00007ffc89830000 - 0x00007ffc89928000 	C:\WINDOWS\SYSTEM32\DNSAPI.dll
0x00007ffc8bfd0000 - 0x00007ffc8bfd9000 	C:\WINDOWS\System32\NSI.dll
0x0000000075420000 - 0x0000000075446000 	C:\Program Files\Bonjour\mdnsNSP.dll
0x00007ffc812c0000 - 0x00007ffc812ca000 	C:\Windows\System32\rasadhlp.dll
0x00007ffc81320000 - 0x00007ffc813a3000 	C:\WINDOWS\System32\fwpuclnt.dll
0x00007ffc4b9b0000 - 0x00007ffc4b9c8000 	C:\pleiades\2023-12\java\21\bin\zip.dll
0x00007ffc53890000 - 0x00007ffc538a0000 	C:\pleiades\2023-12\java\21\bin\net.dll
0x00007ffc821e0000 - 0x00007ffc82316000 	C:\WINDOWS\SYSTEM32\WINHTTP.dll
0x00007ffc49640000 - 0x00007ffc49656000 	C:\pleiades\2023-12\java\21\bin\nio.dll
0x00007ffc4f720000 - 0x00007ffc4f72a000 	C:\pleiades\2023-12\java\21\bin\management.dll
0x00007ffc4bf60000 - 0x00007ffc4bf6b000 	C:\pleiades\2023-12\java\21\bin\management_ext.dll
0x00007ffc8cfc0000 - 0x00007ffc8cfc8000 	C:\WINDOWS\System32\PSAPI.DLL
0x00007ffc82440000 - 0x00007ffc82457000 	C:\WINDOWS\system32\napinsp.dll
0x00007ffc82420000 - 0x00007ffc8243b000 	C:\WINDOWS\system32\pnrpnsp.dll
0x00007ffc823a0000 - 0x00007ffc823b1000 	C:\WINDOWS\System32\winrnr.dll
0x00007ffc82df0000 - 0x00007ffc82e05000 	C:\WINDOWS\system32\wshbth.dll
0x00007ffc823f0000 - 0x00007ffc82417000 	C:\WINDOWS\system32\nlansp_c.dll
0x00007ffc493f0000 - 0x00007ffc49400000 	C:\pleiades\2023-12\java\21\bin\verify.dll
0x00007ffc8a480000 - 0x00007ffc8a49b000 	C:\WINDOWS\SYSTEM32\CRYPTSP.dll
0x00007ffc89d10000 - 0x00007ffc89d45000 	C:\WINDOWS\system32\rsaenh.dll
0x00007ffc8a320000 - 0x00007ffc8a348000 	C:\WINDOWS\SYSTEM32\USERENV.dll
0x00007ffc8a4a0000 - 0x00007ffc8a4ac000 	C:\WINDOWS\SYSTEM32\CRYPTBASE.dll
0x00007ffc487b0000 - 0x00007ffc487b9000 	C:\pleiades\2023-12\java\21\bin\extnet.dll
0x00007ffc482f0000 - 0x00007ffc482fe000 	C:\pleiades\2023-12\java\21\bin\sunmscapi.dll
0x00007ffc8b160000 - 0x00007ffc8b2c7000 	C:\WINDOWS\System32\CRYPT32.dll
0x00007ffc8a620000 - 0x00007ffc8a64e000 	C:\WINDOWS\SYSTEM32\ncrypt.dll
0x00007ffc8a5e0000 - 0x00007ffc8a617000 	C:\WINDOWS\SYSTEM32\NTASN1.dll
0x00007ffc36fa0000 - 0x00007ffc36fa8000 	C:\WINDOWS\system32\wshunix.dll

dbghelp: loaded successfully - version: 4.0.5 - missing functions: none
symbol engine: initialized successfully - sym options: 0x614 - pdb path: .;C:\pleiades\2023-12\java\21\bin;C:\WINDOWS\SYSTEM32;C:\Program Files\AVAST Software\Avast;C:\WINDOWS\WinSxS\amd64_microsoft.windows.common-controls_6595b64144ccf1df_6.0.22621.3672_none_2713b9d173822955;C:\pleiades\2023-12\java\21\bin\server;C:\Program Files\Bonjour

VM Arguments:
jvm_args: -XX:+ShowCodeDetailsInExceptionMessages -agentlib:jdwp=transport=dt_socket,suspend=y,address=localhost:56639 -Dcom.sun.management.jmxremote -Dcom.sun.management.jmxremote.port=56638 -Dcom.sun.management.jmxremote.authenticate=false -Dcom.sun.management.jmxremote.ssl=false -Djava.rmi.server.hostname=localhost -Dspring.jmx.enabled=true -Dmanagement.endpoints.jmx.exposure.include=* -Dspring.application.admin.enabled=true -XX:TieredStopAtLevel=1 -Dspring.boot.project.name=Inventory -javaagent:C:\pleiades\2023-12\eclipse\configuration\org.eclipse.osgi\249\0\.cp\lib\javaagent-shaded.jar -Dfile.encoding=UTF-8 -Dstdout.encoding=UTF-8 -Dstderr.encoding=UTF-8 
java_command: com.Inventory.InventoryApplication --spring.output.ansi.enabled=always
java_class_path (initial): C:\Users\terar\Documents\java-task4\Inventory\target\classes;C:\Users\terar\.m2\repository\org\springframework\boot\spring-boot-starter-thymeleaf\3.3.3\spring-boot-starter-thymeleaf-3.3.3.jar;C:\Users\terar\.m2\repository\org\springframework\boot\spring-boot-starter\3.3.3\spring-boot-starter-3.3.3.jar;C:\Users\terar\.m2\repository\org\springframework\boot\spring-boot-starter-logging\3.3.3\spring-boot-starter-logging-3.3.3.jar;C:\Users\terar\.m2\repository\ch\qos\logback\logback-classic\1.5.7\logback-classic-1.5.7.jar;C:\Users\terar\.m2\repository\ch\qos\logback\logback-core\1.5.7\logback-core-1.5.7.jar;C:\Users\terar\.m2\repository\org\apache\logging\log4j\log4j-to-slf4j\2.23.1\log4j-to-slf4j-2.23.1.jar;C:\Users\terar\.m2\repository\org\apache\logging\log4j\log4j-api\2.23.1\log4j-api-2.23.1.jar;C:\Users\terar\.m2\repository\org\slf4j\jul-to-slf4j\2.0.16\jul-to-slf4j-2.0.16.jar;C:\Users\terar\.m2\repository\jakarta\annotation\jakarta.annotation-api\2.1.1\jakarta.annotation-api-2.1.1.jar;C:\Users\terar\.m2\repository\org\yaml\snakeyaml\2.2\snakeyaml-2.2.jar;C:\Users\terar\.m2\repository\org\thymeleaf\thymeleaf-spring6\3.1.2.RELEASE\thymeleaf-spring6-3.1.2.RELEASE.jar;C:\Users\terar\.m2\repository\org\thymeleaf\thymeleaf\3.1.2.RELEASE\thymeleaf-3.1.2.RELEASE.jar;C:\Users\terar\.m2\repository\org\attoparser\attoparser\2.0.7.RELEASE\attoparser-2.0.7.RELEASE.jar;C:\Users\terar\.m2\repository\org\unbescape\unbescape\1.1.6.RELEASE\unbescape-1.1.6.RELEASE.jar;C:\Users\terar\.m2\repository\org\slf4j\slf4j-api\2.0.16\slf4j-api-2.0.16.jar;C:\Users\terar\.m2\repository\org\springframework\boot\spring-boot-starter-web\3.3.3\spring-boot-starter-web-3.3.3.jar;C:\Users\terar\.m2\repository\org\springframework\boot\spring-boot-starter-json\3.3.3\spring-boot-starter-json-3.3.3.jar;C:\Users\terar\.m2\repository\com\fasterxml\jackson\core\jackson-databind\2.17.2\jackson-databind-2.17.2.jar;C:\Users\terar\.m2\repository\com\fasterxml\jackson\core\jackson-annotations\2.17.2\jackson-annotations-2.17.2.jar;C:\Users\terar\.m2\repository\com\fasterxml\jackson\core\jackson-core\2.17.2\jackson-core-2.17.2.jar;C:\Users\terar\.m2\repository\com\fasterxml\jackson\datatype\jackson-datatype-jdk8\2.17.2\jackson-datatype-jdk8-2.17.2.jar;C:\Users\terar\.m2\repository\com\fasterxml\jackson\datatype\jackson-datatype-jsr310\2.17.2\jackson-datatype-jsr310-2.17.2.jar;C:\Users\terar\.m2\repository\com\fasterxml\jackson\module\jackson-module-parameter-names\2.17.2\jackson-module-parameter-names-2.17.2.jar;C:\Users\terar\.m2\repository\org\springframework\boot\spring-boot-starter-tomcat\3.3.3\spring-boot-starter-tomcat-3.3.3.jar;C:\Users\terar\.m2\repository\org\apache\tomcat\embed\tomcat-embed-core\10.1.28\tomcat-embed-core-10.1.28.jar;C:\Users\terar\.m2\repository\org\apache\tomcat\embed\tomcat-embed-el\10.1.28\tomcat-embed-el-10.1.28.jar;C:\Users\terar\.m2\repository\org\apache\tomcat\embed\tomcat-embed-websocket\10.1.28\tomcat-embed-websocket-10.1.28.jar;C:\Users\terar\.m2\repository\org\springframework\spring-web\6.1.12\spring-web-6.1.12.jar;C:\Users\terar\.m2\repository\org\springframework\spring-beans\6.1.12\spring-beans-6.1.12.jar;C:\Users\terar\.m2\repository\io\micrometer\micrometer-observation\1.13.3\micrometer-observation-1.13.3.jar;C:\Users\terar\.m2\repository\io\micrometer\micrometer-commons\1.13.3\micrometer-commons-1.13.3.jar;C:\Users\terar\.m2\repository\org\springframework\spring-webmvc\6.1.12\spring-webmvc-6.1.12.jar;C:\Users\terar\.m2\repository\org\springframework\spring-aop\6.1.12\spring-aop-6.1.12.jar;C:\Users\terar\.m2\repository\org\springframework\spring-context\6.1.12\spring-context-6.1.12.jar;C:\Users\terar\.m2\repository\org\springframework\spring-expression\6.1.12\spring-expression-6.1.12.jar;C:\Users\terar\.m2\repository\org\springframework\boot\spring-boot-devtools\3.3.3\spring-boot-devtools-3.3.3.jar;C:\Users\terar\.m2\repository\org\springframework\boot\spring-boot\3.3.3\spring-boot-3.3.3.jar;C:\Users\terar\.m2\repository\org\springframework\boot\spring-boot-autoconfigure\3.3.3\spring-boot-autoconfigure-3.3.3.jar;C:\Users\terar\.m2\repository\com\mysql\mysql-connector-j\8.3.0\mysql-connector-j-8.3.0.jar;C:\Users\terar\.m2\repository\org\projectlombok\lombok\1.18.34\lombok-1.18.34.jar;C:\Users\terar\.m2\repository\org\springframework\spring-core\6.1.12\spring-core-6.1.12.jar;C:\Users\terar\.m2\repository\org\springframework\spring-jcl\6.1.12\spring-jcl-6.1.12.jar
Launcher Type: SUN_STANDARD

[Global flags]
     intx CICompilerCount                          = 4                                         {product} {ergonomic}
     uint ConcGCThreads                            = 3                                         {product} {ergonomic}
     uint G1ConcRefinementThreads                  = 10                                        {product} {ergonomic}
   size_t G1HeapRegionSize                         = 2097152                                   {product} {ergonomic}
    uintx GCDrainStackTargetSize                   = 64                                        {product} {ergonomic}
   size_t InitialHeapSize                          = 266338304                                 {product} {ergonomic}
     bool ManagementServer                         = true                                      {product} {command line}
   size_t MarkStackSize                            = 4194304                                   {product} {ergonomic}
   size_t MaxHeapSize                              = 4255121408                                {product} {ergonomic}
   size_t MaxNewSize                               = 2552233984                                {product} {ergonomic}
   size_t MinHeapDeltaBytes                        = 2097152                                   {product} {ergonomic}
   size_t MinHeapSize                              = 8388608                                   {product} {ergonomic}
    uintx NonNMethodCodeHeapSize                   = 4096                                   {pd product} {ergonomic}
    uintx NonProfiledCodeHeapSize                  = 0                                      {pd product} {ergonomic}
     bool ProfileInterpreter                       = false                                  {pd product} {command line}
    uintx ProfiledCodeHeapSize                     = 0                                      {pd product} {ergonomic}
     bool ShowCodeDetailsInExceptionMessages       = true                                   {manageable} {command line}
   size_t SoftMaxHeapSize                          = 4255121408                             {manageable} {ergonomic}
     intx TieredStopAtLevel                        = 1                                         {product} {command line}
     bool UseCompressedOops                        = true                           {product lp64_product} {ergonomic}
     bool UseG1GC                                  = true                                      {product} {ergonomic}
     bool UseLargePagesIndividualAllocation        = false                                  {pd product} {ergonomic}

Logging:
Log output configuration:
 #0: stdout all=warning uptime,level,tags foldmultilines=false
 #1: stderr all=off uptime,level,tags foldmultilines=false

Environment Variables:
PATH=C:/pleiades/2023-12/java/17/bin/server;C:/pleiades/2023-12/java/17/bin;C:\Program Files (x86)\Common Files\Oracle\Java\javapath;C:\WINDOWS\system32;C:\WINDOWS;C:\WINDOWS\System32\Wbem;C:\WINDOWS\System32\WindowsPowerShell\v1.0\;C:\WINDOWS\System32\OpenSSH\;C:\Program Files (x86)\NVIDIA Corporation\PhysX\Common;C:\Program Files\NVIDIA Corporation\NVIDIA NvDLISR;C:\WINDOWS\system32;C:\WINDOWS;C:\WINDOWS\System32\Wbem;C:\WINDOWS\System32\WindowsPowerShell\v1.0\;C:\WINDOWS\System32\OpenSSH\;C:\Program Files (x86)\QuickTime\QTSystem\;C:\Program Files\MySQL\MySQL Shell 8.0\bin\;C:\Users\terar\AppData\Local\Microsoft\WindowsApps;;C:\pleiades\2023-12\eclipse;
USERNAME=terara
OS=Windows_NT
PROCESSOR_IDENTIFIER=Intel64 Family 6 Model 158 Stepping 10, GenuineIntel
TMP=C:\Users\terar\AppData\Local\Temp
TEMP=C:\Users\terar\AppData\Local\Temp




Periodic native trim disabled

---------------  S Y S T E M  ---------------

OS:
 Windows 11 , 64 bit Build 22621 (10.0.22621.3958)
OS uptime: 2 days 0:59 hours

CPU: total 12 (initial active 12) (6 cores per cpu, 2 threads per core) family 6 model 158 stepping 10 microcode 0xde, cx8, cmov, fxsr, ht, mmx, 3dnowpref, sse, sse2, sse3, ssse3, sse4.1, sse4.2, popcnt, lzcnt, tsc, tscinvbit, avx, avx2, aes, erms, clmul, bmi1, bmi2, adx, fma, vzeroupper, clflush, clflushopt, rdtscp, f16c
Processor Information for all 12 processors :
  Max Mhz: 2208, Current Mhz: 2208, Mhz Limit: 2208

Memory: 4k page, system-wide physical 16230M (5648M free)
TotalPageFile size 28006M (AvailPageFile size 11784M)
current process WorkingSet (physical memory assigned to process): 161M, peak: 237M
current process commit charge ("private bytes"): 221M, peak: 381M

vm_info: OpenJDK 64-Bit Server VM (21.0.2+13-LTS) for windows-amd64 JRE (21.0.2+13-LTS), built on 2024-01-16T00:00:00Z by "admin" with unknown MS VC++:1937

END.
